2018-07-17 03:12:35 startup archives unpack
2018-07-17 03:12:35 install libssl1.0.2:amd64 <none> 1.0.2l-2+deb9u3
2018-07-17 03:12:35 status triggers-pending libc-bin:amd64 2.24-11+deb9u3
2018-07-17 03:12:35 status half-installed libssl1.0.2:amd64 1.0.2l-2+deb9u3
2018-07-17 03:12:35 status unpacked libssl1.0.2:amd64 1.0.2l-2+deb9u3
2018-07-17 03:12:35 status unpacked libssl1.0.2:amd64 1.0.2l-2+deb9u3
2018-07-17 03:12:35 install libssl1.1:amd64 <none> 1.1.0f-3+deb9u2
2018-07-17 03:12:35 status half-installed libssl1.1:amd64 1.1.0f-3+deb9u2
2018-07-17 03:12:35 status unpacked libssl1.1:amd64 1.1.0f-3+deb9u2
2018-07-17 03:12:35 status unpacked libssl1.1:amd64 1.1.0f-3+deb9u2
2018-07-17 03:12:35 install netbase:all <none> 5.4
2018-07-17 03:12:35 status half-installed netbase:all 5.4
2018-07-17 03:12:35 status unpacked netbase:all 5.4
2018-07-17 03:12:35 status unpacked netbase:all 5.4
2018-07-17 03:12:35 install libgmp10:amd64 <none> 2:6.1.2+dfsg-1
2018-07-17 03:12:35 status half-installed libgmp10:amd64 2:6.1.2+dfsg-1
2018-07-17 03:12:35 status unpacked libgmp10:amd64 2:6.1.2+dfsg-1
2018-07-17 03:12:35 status unpacked libgmp10:amd64 2:6.1.2+dfsg-1
2018-07-17 03:12:35 install libhogweed4:amd64 <none> 3.3-1+b2
2018-07-17 03:12:35 status half-installed libhogweed4:amd64 3.3-1+b2
2018-07-17 03:12:35 status unpacked libhogweed4:amd64 3.3-1+b2
2018-07-17 03:12:35 status unpacked libhogweed4:amd64 3.3-1+b2
2018-07-17 03:12:35 install libffi6:amd64 <none> 3.2.1-6
2018-07-17 03:12:35 status half-installed libffi6:amd64 3.2.1-6
2018-07-17 03:12:35 status unpacked libffi6:amd64 3.2.1-6
2018-07-17 03:12:35 status unpacked libffi6:amd64 3.2.1-6
2018-07-17 03:12:35 install libp11-kit0:amd64 <none> 0.23.3-2
2018-07-17 03:12:35 status half-installed libp11-kit0:amd64 0.23.3-2
2018-07-17 03:12:35 status unpacked libp11-kit0:amd64 0.23.3-2
2018-07-17 03:12:35 status unpacked libp11-kit0:amd64 0.23.3-2
2018-07-17 03:12:35 install libtasn1-6:amd64 <none> 4.10-1.1+deb9u1
2018-07-17 03:12:35 status half-installed libtasn1-6:amd64 4.10-1.1+deb9u1
2018-07-17 03:12:35 status unpacked libtasn1-6:amd64 4.10-1.1+deb9u1
2018-07-17 03:12:35 status unpacked libtasn1-6:amd64 4.10-1.1+deb9u1
2018-07-17 03:12:36 install libgnutls30:amd64 <none> 3.5.8-5+deb9u3
2018-07-17 03:12:36 status half-installed libgnutls30:amd64 3.5.8-5+deb9u3
2018-07-17 03:12:36 status unpacked libgnutls30:amd64 3.5.8-5+deb9u3
2018-07-17 03:12:36 status unpacked libgnutls30:amd64 3.5.8-5+deb9u3
2018-07-17 03:12:36 install libunistring0:amd64 <none> 0.9.6+really0.9.3-0.1
2018-07-17 03:12:36 status half-installed libunistring0:amd64 0.9.6+really0.9.3-0.1
2018-07-17 03:12:36 status unpacked libunistring0:amd64 0.9.6+really0.9.3-0.1
2018-07-17 03:12:36 status unpacked libunistring0:amd64 0.9.6+really0.9.3-0.1
2018-07-17 03:12:36 install libidn2-0:amd64 <none> 0.16-1+deb9u1
2018-07-17 03:12:36 status half-installed libidn2-0:amd64 0.16-1+deb9u1
2018-07-17 03:12:36 status unpacked libidn2-0:amd64 0.16-1+deb9u1
2018-07-17 03:12:36 status unpacked libidn2-0:amd64 0.16-1+deb9u1
2018-07-17 03:12:36 install libpsl5:amd64 <none> 0.17.0-3
2018-07-17 03:12:36 status half-installed libpsl5:amd64 0.17.0-3
2018-07-17 03:12:36 status unpacked libpsl5:amd64 0.17.0-3
2018-07-17 03:12:36 status unpacked libpsl5:amd64 0.17.0-3
2018-07-17 03:12:36 install wget:amd64 <none> 1.18-5+deb9u2
2018-07-17 03:12:36 status half-installed wget:amd64 1.18-5+deb9u2
2018-07-17 03:12:36 status unpacked wget:amd64 1.18-5+deb9u2
2018-07-17 03:12:36 status unpacked wget:amd64 1.18-5+deb9u2
2018-07-17 03:12:37 install libkeyutils1:amd64 <none> 1.5.9-9
2018-07-17 03:12:37 status half-installed libkeyutils1:amd64 1.5.9-9
2018-07-17 03:12:37 status unpacked libkeyutils1:amd64 1.5.9-9
2018-07-17 03:12:37 status unpacked libkeyutils1:amd64 1.5.9-9
2018-07-17 03:12:37 install libkrb5support0:amd64 <none> 1.15-1+deb9u1
2018-07-17 03:12:37 status half-installed libkrb5support0:amd64 1.15-1+deb9u1
2018-07-17 03:12:37 status unpacked libkrb5support0:amd64 1.15-1+deb9u1
2018-07-17 03:12:37 status unpacked libkrb5support0:amd64 1.15-1+deb9u1
2018-07-17 03:12:37 install libk5crypto3:amd64 <none> 1.15-1+deb9u1
2018-07-17 03:12:37 status half-installed libk5crypto3:amd64 1.15-1+deb9u1
2018-07-17 03:12:37 status unpacked libk5crypto3:amd64 1.15-1+deb9u1
2018-07-17 03:12:37 status unpacked libk5crypto3:amd64 1.15-1+deb9u1
2018-07-17 03:12:37 install libkrb5-3:amd64 <none> 1.15-1+deb9u1
2018-07-17 03:12:37 status half-installed libkrb5-3:amd64 1.15-1+deb9u1
2018-07-17 03:12:37 status unpacked libkrb5-3:amd64 1.15-1+deb9u1
2018-07-17 03:12:37 status unpacked libkrb5-3:amd64 1.15-1+deb9u1
2018-07-17 03:12:37 install libgssapi-krb5-2:amd64 <none> 1.15-1+deb9u1
2018-07-17 03:12:37 status half-installed libgssapi-krb5-2:amd64 1.15-1+deb9u1
2018-07-17 03:12:37 status unpacked libgssapi-krb5-2:amd64 1.15-1+deb9u1
2018-07-17 03:12:37 status unpacked libgssapi-krb5-2:amd64 1.15-1+deb9u1
2018-07-17 03:12:37 install libsasl2-modules-db:amd64 <none> 2.1.27~101-g0780600+dfsg-3
2018-07-17 03:12:37 status half-installed libsasl2-modules-db:amd64 2.1.27~101-g0780600+dfsg-3
2018-07-17 03:12:37 status unpacked libsasl2-modules-db:amd64 2.1.27~101-g0780600+dfsg-3
2018-07-17 03:12:37 status unpacked libsasl2-modules-db:amd64 2.1.27~101-g0780600+dfsg-3
2018-07-17 03:12:37 install libsasl2-2:amd64 <none> 2.1.27~101-g0780600+dfsg-3
2018-07-17 03:12:37 status half-installed libsasl2-2:amd64 2.1.27~101-g0780600+dfsg-3
2018-07-17 03:12:37 status unpacked libsasl2-2:amd64 2.1.27~101-g0780600+dfsg-3
2018-07-17 03:12:37 status unpacked libsasl2-2:amd64 2.1.27~101-g0780600+dfsg-3
2018-07-17 03:12:37 install libldap-common:all <none> 2.4.44+dfsg-5+deb9u2
2018-07-17 03:12:37 status half-installed libldap-common:all 2.4.44+dfsg-5+deb9u2
2018-07-17 03:12:37 status unpacked libldap-common:all 2.4.44+dfsg-5+deb9u2
2018-07-17 03:12:37 status unpacked libldap-common:all 2.4.44+dfsg-5+deb9u2
2018-07-17 03:12:37 install libldap-2.4-2:amd64 <none> 2.4.44+dfsg-5+deb9u2
2018-07-17 03:12:37 status half-installed libldap-2.4-2:amd64 2.4.44+dfsg-5+deb9u2
2018-07-17 03:12:37 status unpacked libldap-2.4-2:amd64 2.4.44+dfsg-5+deb9u2
2018-07-17 03:12:37 status unpacked libldap-2.4-2:amd64 2.4.44+dfsg-5+deb9u2
2018-07-17 03:12:37 install openssl:amd64 <none> 1.1.0f-3+deb9u2
2018-07-17 03:12:37 status half-installed openssl:amd64 1.1.0f-3+deb9u2
2018-07-17 03:12:38 status unpacked openssl:amd64 1.1.0f-3+deb9u2
2018-07-17 03:12:38 status unpacked openssl:amd64 1.1.0f-3+deb9u2
2018-07-17 03:12:38 install ca-certificates:all <none> 20161130+nmu1+deb9u1
2018-07-17 03:12:38 status half-installed ca-certificates:all 20161130+nmu1+deb9u1
2018-07-17 03:12:38 status unpacked ca-certificates:all 20161130+nmu1+deb9u1
2018-07-17 03:12:38 status unpacked ca-certificates:all 20161130+nmu1+deb9u1
2018-07-17 03:12:38 install libnghttp2-14:amd64 <none> 1.18.1-1
2018-07-17 03:12:38 status half-installed libnghttp2-14:amd64 1.18.1-1
2018-07-17 03:12:38 status unpacked libnghttp2-14:amd64 1.18.1-1
2018-07-17 03:12:38 status unpacked libnghttp2-14:amd64 1.18.1-1
2018-07-17 03:12:38 install librtmp1:amd64 <none> 2.4+20151223.gitfa8646d.1-1+b1
2018-07-17 03:12:38 status half-installed librtmp1:amd64 2.4+20151223.gitfa8646d.1-1+b1
2018-07-17 03:12:38 status unpacked librtmp1:amd64 2.4+20151223.gitfa8646d.1-1+b1
2018-07-17 03:12:38 status unpacked librtmp1:amd64 2.4+20151223.gitfa8646d.1-1+b1
2018-07-17 03:12:38 install libssh2-1:amd64 <none> 1.7.0-1
2018-07-17 03:12:38 status half-installed libssh2-1:amd64 1.7.0-1
2018-07-17 03:12:38 status unpacked libssh2-1:amd64 1.7.0-1
2018-07-17 03:12:38 status unpacked libssh2-1:amd64 1.7.0-1
2018-07-17 03:12:38 install libcurl3:amd64 <none> 7.52.1-5+deb9u6
2018-07-17 03:12:38 status half-installed libcurl3:amd64 7.52.1-5+deb9u6
2018-07-17 03:12:38 status unpacked libcurl3:amd64 7.52.1-5+deb9u6
2018-07-17 03:12:38 status unpacked libcurl3:amd64 7.52.1-5+deb9u6
2018-07-17 03:12:38 install curl:amd64 <none> 7.52.1-5+deb9u6
2018-07-17 03:12:38 status half-installed curl:amd64 7.52.1-5+deb9u6
2018-07-17 03:12:38 status unpacked curl:amd64 7.52.1-5+deb9u6
2018-07-17 03:12:38 status unpacked curl:amd64 7.52.1-5+deb9u6
2018-07-17 03:12:38 startup packages configure
2018-07-17 03:12:38 configure libnghttp2-14:amd64 1.18.1-1 <none>
2018-07-17 03:12:38 status unpacked libnghttp2-14:amd64 1.18.1-1
2018-07-17 03:12:38 status half-configured libnghttp2-14:amd64 1.18.1-1
2018-07-17 03:12:38 status installed libnghttp2-14:amd64 1.18.1-1
2018-07-17 03:12:38 configure libldap-common:all 2.4.44+dfsg-5+deb9u2 <none>
2018-07-17 03:12:38 status unpacked libldap-common:all 2.4.44+dfsg-5+deb9u2
2018-07-17 03:12:38 status unpacked libldap-common:all 2.4.44+dfsg-5+deb9u2
2018-07-17 03:12:38 status half-configured libldap-common:all 2.4.44+dfsg-5+deb9u2
2018-07-17 03:12:38 status installed libldap-common:all 2.4.44+dfsg-5+deb9u2
2018-07-17 03:12:38 configure libsasl2-modules-db:amd64 2.1.27~101-g0780600+dfsg-3 <none>
2018-07-17 03:12:38 status unpacked libsasl2-modules-db:amd64 2.1.27~101-g0780600+dfsg-3
2018-07-17 03:12:38 status half-configured libsasl2-modules-db:amd64 2.1.27~101-g0780600+dfsg-3
2018-07-17 03:12:38 status installed libsasl2-modules-db:amd64 2.1.27~101-g0780600+dfsg-3
2018-07-17 03:12:38 configure libsasl2-2:amd64 2.1.27~101-g0780600+dfsg-3 <none>
2018-07-17 03:12:38 status unpacked libsasl2-2:amd64 2.1.27~101-g0780600+dfsg-3
2018-07-17 03:12:38 status half-configured libsasl2-2:amd64 2.1.27~101-g0780600+dfsg-3
2018-07-17 03:12:38 status installed libsasl2-2:amd64 2.1.27~101-g0780600+dfsg-3
2018-07-17 03:12:38 configure libtasn1-6:amd64 4.10-1.1+deb9u1 <none>
2018-07-17 03:12:38 status unpacked libtasn1-6:amd64 4.10-1.1+deb9u1
2018-07-17 03:12:38 status half-configured libtasn1-6:amd64 4.10-1.1+deb9u1
2018-07-17 03:12:38 status installed libtasn1-6:amd64 4.10-1.1+deb9u1
2018-07-17 03:12:38 configure libssl1.0.2:amd64 1.0.2l-2+deb9u3 <none>
2018-07-17 03:12:38 status unpacked libssl1.0.2:amd64 1.0.2l-2+deb9u3
2018-07-17 03:12:38 status half-configured libssl1.0.2:amd64 1.0.2l-2+deb9u3
2018-07-17 03:12:38 status installed libssl1.0.2:amd64 1.0.2l-2+deb9u3
2018-07-17 03:12:38 configure libgmp10:amd64 2:6.1.2+dfsg-1 <none>
2018-07-17 03:12:38 status unpacked libgmp10:amd64 2:6.1.2+dfsg-1
2018-07-17 03:12:38 status half-configured libgmp10:amd64 2:6.1.2+dfsg-1
2018-07-17 03:12:38 status installed libgmp10:amd64 2:6.1.2+dfsg-1
2018-07-17 03:12:38 configure libssh2-1:amd64 1.7.0-1 <none>
2018-07-17 03:12:38 status unpacked libssh2-1:amd64 1.7.0-1
2018-07-17 03:12:38 status half-configured libssh2-1:amd64 1.7.0-1
2018-07-17 03:12:38 status installed libssh2-1:amd64 1.7.0-1
2018-07-17 03:12:38 trigproc libc-bin:amd64 2.24-11+deb9u3 <none>
2018-07-17 03:12:38 status half-configured libc-bin:amd64 2.24-11+deb9u3
2018-07-17 03:12:38 status installed libc-bin:amd64 2.24-11+deb9u3
2018-07-17 03:12:38 configure libunistring0:amd64 0.9.6+really0.9.3-0.1 <none>
2018-07-17 03:12:38 status triggers-pending libc-bin:amd64 2.24-11+deb9u3
2018-07-17 03:12:38 status unpacked libunistring0:amd64 0.9.6+really0.9.3-0.1
2018-07-17 03:12:38 status half-configured libunistring0:amd64 0.9.6+really0.9.3-0.1
2018-07-17 03:12:38 status installed libunistring0:amd64 0.9.6+really0.9.3-0.1
2018-07-17 03:12:38 configure libssl1.1:amd64 1.1.0f-3+deb9u2 <none>
2018-07-17 03:12:38 status unpacked libssl1.1:amd64 1.1.0f-3+deb9u2
2018-07-17 03:12:38 status half-configured libssl1.1:amd64 1.1.0f-3+deb9u2
2018-07-17 03:12:39 status installed libssl1.1:amd64 1.1.0f-3+deb9u2
2018-07-17 03:12:39 configure openssl:amd64 1.1.0f-3+deb9u2 <none>
2018-07-17 03:12:39 status unpacked openssl:amd64 1.1.0f-3+deb9u2
2018-07-17 03:12:39 status unpacked openssl:amd64 1.1.0f-3+deb9u2
2018-07-17 03:12:39 status half-configured openssl:amd64 1.1.0f-3+deb9u2
2018-07-17 03:12:39 status installed openssl:amd64 1.1.0f-3+deb9u2
2018-07-17 03:12:39 configure libffi6:amd64 3.2.1-6 <none>
2018-07-17 03:12:39 status unpacked libffi6:amd64 3.2.1-6
2018-07-17 03:12:39 status half-configured libffi6:amd64 3.2.1-6
2018-07-17 03:12:39 status installed libffi6:amd64 3.2.1-6
2018-07-17 03:12:39 configure libkeyutils1:amd64 1.5.9-9 <none>
2018-07-17 03:12:39 status unpacked libkeyutils1:amd64 1.5.9-9
2018-07-17 03:12:39 status half-configured libkeyutils1:amd64 1.5.9-9
2018-07-17 03:12:39 status installed libkeyutils1:amd64 1.5.9-9
2018-07-17 03:12:39 configure ca-certificates:all 20161130+nmu1+deb9u1 <none>
2018-07-17 03:12:39 status unpacked ca-certificates:all 20161130+nmu1+deb9u1
2018-07-17 03:12:39 status half-configured ca-certificates:all 20161130+nmu1+deb9u1
2018-07-17 03:12:43 status installed ca-certificates:all 20161130+nmu1+deb9u1
2018-07-17 03:12:43 status triggers-pending ca-certificates:all 20161130+nmu1+deb9u1
2018-07-17 03:12:43 configure netbase:all 5.4 <none>
2018-07-17 03:12:43 status unpacked netbase:all 5.4
2018-07-17 03:12:43 status unpacked netbase:all 5.4
2018-07-17 03:12:43 status unpacked netbase:all 5.4
2018-07-17 03:12:43 status unpacked netbase:all 5.4
2018-07-17 03:12:43 status half-configured netbase:all 5.4
2018-07-17 03:12:43 status installed netbase:all 5.4
2018-07-17 03:12:43 configure libidn2-0:amd64 0.16-1+deb9u1 <none>
2018-07-17 03:12:43 status unpacked libidn2-0:amd64 0.16-1+deb9u1
2018-07-17 03:12:43 status half-configured libidn2-0:amd64 0.16-1+deb9u1
2018-07-17 03:12:43 status installed libidn2-0:amd64 0.16-1+deb9u1
2018-07-17 03:12:43 configure libpsl5:amd64 0.17.0-3 <none>
2018-07-17 03:12:43 status unpacked libpsl5:amd64 0.17.0-3
2018-07-17 03:12:43 status half-configured libpsl5:amd64 0.17.0-3
2018-07-17 03:12:43 status installed libpsl5:amd64 0.17.0-3
2018-07-17 03:12:43 configure libkrb5support0:amd64 1.15-1+deb9u1 <none>
2018-07-17 03:12:43 status unpacked libkrb5support0:amd64 1.15-1+deb9u1
2018-07-17 03:12:43 status half-configured libkrb5support0:amd64 1.15-1+deb9u1
2018-07-17 03:12:43 status installed libkrb5support0:amd64 1.15-1+deb9u1
2018-07-17 03:12:43 configure libhogweed4:amd64 3.3-1+b2 <none>
2018-07-17 03:12:43 status unpacked libhogweed4:amd64 3.3-1+b2
2018-07-17 03:12:43 status half-configured libhogweed4:amd64 3.3-1+b2
2018-07-17 03:12:43 status installed libhogweed4:amd64 3.3-1+b2
2018-07-17 03:12:43 configure libp11-kit0:amd64 0.23.3-2 <none>
2018-07-17 03:12:43 status unpacked libp11-kit0:amd64 0.23.3-2
2018-07-17 03:12:43 status half-configured libp11-kit0:amd64 0.23.3-2
2018-07-17 03:12:43 status installed libp11-kit0:amd64 0.23.3-2
2018-07-17 03:12:43 configure libk5crypto3:amd64 1.15-1+deb9u1 <none>
2018-07-17 03:12:43 status unpacked libk5crypto3:amd64 1.15-1+deb9u1
2018-07-17 03:12:43 status half-configured libk5crypto3:amd64 1.15-1+deb9u1
2018-07-17 03:12:43 status installed libk5crypto3:amd64 1.15-1+deb9u1
2018-07-17 03:12:43 configure libgnutls30:amd64 3.5.8-5+deb9u3 <none>
2018-07-17 03:12:43 status unpacked libgnutls30:amd64 3.5.8-5+deb9u3
2018-07-17 03:12:43 status half-configured libgnutls30:amd64 3.5.8-5+deb9u3
2018-07-17 03:12:43 status installed libgnutls30:amd64 3.5.8-5+deb9u3
2018-07-17 03:12:43 configure librtmp1:amd64 2.4+20151223.gitfa8646d.1-1+b1 <none>
2018-07-17 03:12:43 status unpacked librtmp1:amd64 2.4+20151223.gitfa8646d.1-1+b1
2018-07-17 03:12:43 status half-configured librtmp1:amd64 2.4+20151223.gitfa8646d.1-1+b1
2018-07-17 03:12:43 status installed librtmp1:amd64 2.4+20151223.gitfa8646d.1-1+b1
2018-07-17 03:12:43 configure libldap-2.4-2:amd64 2.4.44+dfsg-5+deb9u2 <none>
2018-07-17 03:12:43 status unpacked libldap-2.4-2:amd64 2.4.44+dfsg-5+deb9u2
2018-07-17 03:12:43 status half-configured libldap-2.4-2:amd64 2.4.44+dfsg-5+deb9u2
2018-07-17 03:12:43 status installed libldap-2.4-2:amd64 2.4.44+dfsg-5+deb9u2
2018-07-17 03:12:43 configure wget:amd64 1.18-5+deb9u2 <none>
2018-07-17 03:12:43 status unpacked wget:amd64 1.18-5+deb9u2
2018-07-17 03:12:43 status unpacked wget:amd64 1.18-5+deb9u2
2018-07-17 03:12:43 status half-configured wget:amd64 1.18-5+deb9u2
2018-07-17 03:12:43 status installed wget:amd64 1.18-5+deb9u2
2018-07-17 03:12:43 configure libkrb5-3:amd64 1.15-1+deb9u1 <none>
2018-07-17 03:12:43 status unpacked libkrb5-3:amd64 1.15-1+deb9u1
2018-07-17 03:12:43 status half-configured libkrb5-3:amd64 1.15-1+deb9u1
2018-07-17 03:12:43 status installed libkrb5-3:amd64 1.15-1+deb9u1
2018-07-17 03:12:43 configure libgssapi-krb5-2:amd64 1.15-1+deb9u1 <none>
2018-07-17 03:12:43 status unpacked libgssapi-krb5-2:amd64 1.15-1+deb9u1
2018-07-17 03:12:43 status unpacked libgssapi-krb5-2:amd64 1.15-1+deb9u1
2018-07-17 03:12:43 status half-configured libgssapi-krb5-2:amd64 1.15-1+deb9u1
2018-07-17 03:12:43 status installed libgssapi-krb5-2:amd64 1.15-1+deb9u1
2018-07-17 03:12:43 configure libcurl3:amd64 7.52.1-5+deb9u6 <none>
2018-07-17 03:12:43 status unpacked libcurl3:amd64 7.52.1-5+deb9u6
2018-07-17 03:12:43 status half-configured libcurl3:amd64 7.52.1-5+deb9u6
2018-07-17 03:12:43 status installed libcurl3:amd64 7.52.1-5+deb9u6
2018-07-17 03:12:43 configure curl:amd64 7.52.1-5+deb9u6 <none>
2018-07-17 03:12:43 status unpacked curl:amd64 7.52.1-5+deb9u6
2018-07-17 03:12:43 status half-configured curl:amd64 7.52.1-5+deb9u6
2018-07-17 03:12:43 status installed curl:amd64 7.52.1-5+deb9u6
2018-07-17 03:12:43 trigproc libc-bin:amd64 2.24-11+deb9u3 <none>
2018-07-17 03:12:43 status half-configured libc-bin:amd64 2.24-11+deb9u3
2018-07-17 03:12:43 status installed libc-bin:amd64 2.24-11+deb9u3
2018-07-17 03:12:43 trigproc ca-certificates:all 20161130+nmu1+deb9u1 <none>
2018-07-17 03:12:43 status half-configured ca-certificates:all 20161130+nmu1+deb9u1
2018-07-17 03:12:44 status installed ca-certificates:all 20161130+nmu1+deb9u1
2018-07-17 03:13:00 startup archives unpack
2018-07-17 03:13:00 install libassuan0:amd64 <none> 2.4.3-2
2018-07-17 03:13:00 status triggers-pending libc-bin:amd64 2.24-11+deb9u3
2018-07-17 03:13:00 status half-installed libassuan0:amd64 2.4.3-2
2018-07-17 03:13:00 status unpacked libassuan0:amd64 2.4.3-2
2018-07-17 03:13:00 status unpacked libassuan0:amd64 2.4.3-2
2018-07-17 03:13:00 install pinentry-curses:amd64 <none> 1.0.0-2
2018-07-17 03:13:00 status half-installed pinentry-curses:amd64 1.0.0-2
2018-07-17 03:13:00 status unpacked pinentry-curses:amd64 1.0.0-2
2018-07-17 03:13:00 status unpacked pinentry-curses:amd64 1.0.0-2
2018-07-17 03:13:00 install libnpth0:amd64 <none> 1.3-1
2018-07-17 03:13:00 status half-installed libnpth0:amd64 1.3-1
2018-07-17 03:13:00 status unpacked libnpth0:amd64 1.3-1
2018-07-17 03:13:00 status unpacked libnpth0:amd64 1.3-1
2018-07-17 03:13:00 install readline-common:all <none> 7.0-3
2018-07-17 03:13:00 status half-installed readline-common:all 7.0-3
2018-07-17 03:13:00 status unpacked readline-common:all 7.0-3
2018-07-17 03:13:00 status unpacked readline-common:all 7.0-3
2018-07-17 03:13:00 install libreadline7:amd64 <none> 7.0-3
2018-07-17 03:13:00 status half-installed libreadline7:amd64 7.0-3
2018-07-17 03:13:00 status unpacked libreadline7:amd64 7.0-3
2018-07-17 03:13:00 status unpacked libreadline7:amd64 7.0-3
2018-07-17 03:13:00 install gnupg-agent:amd64 <none> 2.1.18-8~deb9u2
2018-07-17 03:13:00 status half-installed gnupg-agent:amd64 2.1.18-8~deb9u2
2018-07-17 03:13:00 status unpacked gnupg-agent:amd64 2.1.18-8~deb9u2
2018-07-17 03:13:00 status unpacked gnupg-agent:amd64 2.1.18-8~deb9u2
2018-07-17 03:13:00 install libksba8:amd64 <none> 1.3.5-2
2018-07-17 03:13:00 status half-installed libksba8:amd64 1.3.5-2
2018-07-17 03:13:00 status unpacked libksba8:amd64 1.3.5-2
2018-07-17 03:13:00 status unpacked libksba8:amd64 1.3.5-2
2018-07-17 03:13:01 install libsqlite3-0:amd64 <none> 3.16.2-5+deb9u1
2018-07-17 03:13:01 status half-installed libsqlite3-0:amd64 3.16.2-5+deb9u1
2018-07-17 03:13:01 status unpacked libsqlite3-0:amd64 3.16.2-5+deb9u1
2018-07-17 03:13:01 status unpacked libsqlite3-0:amd64 3.16.2-5+deb9u1
2018-07-17 03:13:01 install gnupg:amd64 <none> 2.1.18-8~deb9u2
2018-07-17 03:13:01 status half-installed gnupg:amd64 2.1.18-8~deb9u2
2018-07-17 03:13:01 status unpacked gnupg:amd64 2.1.18-8~deb9u2
2018-07-17 03:13:01 status unpacked gnupg:amd64 2.1.18-8~deb9u2
2018-07-17 03:13:01 install dirmngr:amd64 <none> 2.1.18-8~deb9u2
2018-07-17 03:13:01 status half-installed dirmngr:amd64 2.1.18-8~deb9u2
2018-07-17 03:13:01 status unpacked dirmngr:amd64 2.1.18-8~deb9u2
2018-07-17 03:13:01 status unpacked dirmngr:amd64 2.1.18-8~deb9u2
2018-07-17 03:13:01 startup packages configure
2018-07-17 03:13:01 configure libnpth0:amd64 1.3-1 <none>
2018-07-17 03:13:01 status unpacked libnpth0:amd64 1.3-1
2018-07-17 03:13:01 status half-configured libnpth0:amd64 1.3-1
2018-07-17 03:13:01 status installed libnpth0:amd64 1.3-1
2018-07-17 03:13:01 configure readline-common:all 7.0-3 <none>
2018-07-17 03:13:01 status unpacked readline-common:all 7.0-3
2018-07-17 03:13:01 status half-configured readline-common:all 7.0-3
2018-07-17 03:13:01 status installed readline-common:all 7.0-3
2018-07-17 03:13:01 configure libreadline7:amd64 7.0-3 <none>
2018-07-17 03:13:01 status unpacked libreadline7:amd64 7.0-3
2018-07-17 03:13:01 status half-configured libreadline7:amd64 7.0-3
2018-07-17 03:13:01 status installed libreadline7:amd64 7.0-3
2018-07-17 03:13:01 configure libksba8:amd64 1.3.5-2 <none>
2018-07-17 03:13:01 status unpacked libksba8:amd64 1.3.5-2
2018-07-17 03:13:01 status half-configured libksba8:amd64 1.3.5-2
2018-07-17 03:13:01 status installed libksba8:amd64 1.3.5-2
2018-07-17 03:13:01 trigproc libc-bin:amd64 2.24-11+deb9u3 <none>
2018-07-17 03:13:01 status half-configured libc-bin:amd64 2.24-11+deb9u3
2018-07-17 03:13:01 status installed libc-bin:amd64 2.24-11+deb9u3
2018-07-17 03:13:01 configure libsqlite3-0:amd64 3.16.2-5+deb9u1 <none>
2018-07-17 03:13:01 status triggers-pending libc-bin:amd64 2.24-11+deb9u3
2018-07-17 03:13:01 status unpacked libsqlite3-0:amd64 3.16.2-5+deb9u1
2018-07-17 03:13:01 status half-configured libsqlite3-0:amd64 3.16.2-5+deb9u1
2018-07-17 03:13:01 status installed libsqlite3-0:amd64 3.16.2-5+deb9u1
2018-07-17 03:13:01 configure libassuan0:amd64 2.4.3-2 <none>
2018-07-17 03:13:01 status unpacked libassuan0:amd64 2.4.3-2
2018-07-17 03:13:01 status half-configured libassuan0:amd64 2.4.3-2
2018-07-17 03:13:01 status installed libassuan0:amd64 2.4.3-2
2018-07-17 03:13:01 configure pinentry-curses:amd64 1.0.0-2 <none>
2018-07-17 03:13:01 status unpacked pinentry-curses:amd64 1.0.0-2
2018-07-17 03:13:01 status half-configured pinentry-curses:amd64 1.0.0-2
2018-07-17 03:13:01 status installed pinentry-curses:amd64 1.0.0-2
2018-07-17 03:13:01 configure gnupg-agent:amd64 2.1.18-8~deb9u2 <none>
2018-07-17 03:13:01 status unpacked gnupg-agent:amd64 2.1.18-8~deb9u2
2018-07-17 03:13:01 status unpacked gnupg-agent:amd64 2.1.18-8~deb9u2
2018-07-17 03:13:01 status half-configured gnupg-agent:amd64 2.1.18-8~deb9u2
2018-07-17 03:13:01 status installed gnupg-agent:amd64 2.1.18-8~deb9u2
2018-07-17 03:13:01 configure dirmngr:amd64 2.1.18-8~deb9u2 <none>
2018-07-17 03:13:01 status unpacked dirmngr:amd64 2.1.18-8~deb9u2
2018-07-17 03:13:01 status half-configured dirmngr:amd64 2.1.18-8~deb9u2
2018-07-17 03:13:01 status installed dirmngr:amd64 2.1.18-8~deb9u2
2018-07-17 03:13:01 configure gnupg:amd64 2.1.18-8~deb9u2 <none>
2018-07-17 03:13:01 status unpacked gnupg:amd64 2.1.18-8~deb9u2
2018-07-17 03:13:01 status half-configured gnupg:amd64 2.1.18-8~deb9u2
2018-07-17 03:13:01 status installed gnupg:amd64 2.1.18-8~deb9u2
2018-07-17 03:13:01 trigproc libc-bin:amd64 2.24-11+deb9u3 <none>
2018-07-17 03:13:01 status half-configured libc-bin:amd64 2.24-11+deb9u3
2018-07-17 03:13:01 status installed libc-bin:amd64 2.24-11+deb9u3
2018-07-17 03:13:30 startup archives unpack
2018-07-17 03:13:30 install perl-modules-5.24:all <none> 5.24.1-3+deb9u4
2018-07-17 03:13:30 status half-installed perl-modules-5.24:all 5.24.1-3+deb9u4
2018-07-17 03:13:31 status unpacked perl-modules-5.24:all 5.24.1-3+deb9u4
2018-07-17 03:13:31 status unpacked perl-modules-5.24:all 5.24.1-3+deb9u4
2018-07-17 03:13:31 install libgdbm3:amd64 <none> 1.8.3-14
2018-07-17 03:13:31 status triggers-pending libc-bin:amd64 2.24-11+deb9u3
2018-07-17 03:13:31 status half-installed libgdbm3:amd64 1.8.3-14
2018-07-17 03:13:31 status unpacked libgdbm3:amd64 1.8.3-14
2018-07-17 03:13:31 status unpacked libgdbm3:amd64 1.8.3-14
2018-07-17 03:13:31 install libperl5.24:amd64 <none> 5.24.1-3+deb9u4
2018-07-17 03:13:31 status half-installed libperl5.24:amd64 5.24.1-3+deb9u4
2018-07-17 03:13:32 status unpacked libperl5.24:amd64 5.24.1-3+deb9u4
2018-07-17 03:13:32 status unpacked libperl5.24:amd64 5.24.1-3+deb9u4
2018-07-17 03:13:32 install perl:amd64 <none> 5.24.1-3+deb9u4
2018-07-17 03:13:32 status half-installed perl:amd64 5.24.1-3+deb9u4
2018-07-17 03:13:32 status unpacked perl:amd64 5.24.1-3+deb9u4
2018-07-17 03:13:32 status unpacked perl:amd64 5.24.1-3+deb9u4
2018-07-17 03:13:32 install libpython2.7-minimal:amd64 <none> 2.7.13-2+deb9u2
2018-07-17 03:13:32 status half-installed libpython2.7-minimal:amd64 2.7.13-2+deb9u2
2018-07-17 03:13:32 status unpacked libpython2.7-minimal:amd64 2.7.13-2+deb9u2
2018-07-17 03:13:32 status unpacked libpython2.7-minimal:amd64 2.7.13-2+deb9u2
2018-07-17 03:13:32 install python2.7-minimal:amd64 <none> 2.7.13-2+deb9u2
2018-07-17 03:13:32 status half-installed python2.7-minimal:amd64 2.7.13-2+deb9u2
2018-07-17 03:13:33 status unpacked python2.7-minimal:amd64 2.7.13-2+deb9u2
2018-07-17 03:13:33 status unpacked python2.7-minimal:amd64 2.7.13-2+deb9u2
2018-07-17 03:13:33 install python-minimal:amd64 <none> 2.7.13-2
2018-07-17 03:13:33 status half-installed python-minimal:amd64 2.7.13-2
2018-07-17 03:13:33 status unpacked python-minimal:amd64 2.7.13-2
2018-07-17 03:13:33 status unpacked python-minimal:amd64 2.7.13-2
2018-07-17 03:13:33 install mime-support:all <none> 3.60
2018-07-17 03:13:33 status half-installed mime-support:all 3.60
2018-07-17 03:13:33 status unpacked mime-support:all 3.60
2018-07-17 03:13:33 status unpacked mime-support:all 3.60
2018-07-17 03:13:33 install libexpat1:amd64 <none> 2.2.0-2+deb9u1
2018-07-17 03:13:33 status half-installed libexpat1:amd64 2.2.0-2+deb9u1
2018-07-17 03:13:33 status unpacked libexpat1:amd64 2.2.0-2+deb9u1
2018-07-17 03:13:33 status unpacked libexpat1:amd64 2.2.0-2+deb9u1
2018-07-17 03:13:33 install libpython2.7-stdlib:amd64 <none> 2.7.13-2+deb9u2
2018-07-17 03:13:33 status half-installed libpython2.7-stdlib:amd64 2.7.13-2+deb9u2
2018-07-17 03:13:33 status unpacked libpython2.7-stdlib:amd64 2.7.13-2+deb9u2
2018-07-17 03:13:33 status unpacked libpython2.7-stdlib:amd64 2.7.13-2+deb9u2
2018-07-17 03:13:33 install python2.7:amd64 <none> 2.7.13-2+deb9u2
2018-07-17 03:13:33 status half-installed python2.7:amd64 2.7.13-2+deb9u2
2018-07-17 03:13:33 status unpacked python2.7:amd64 2.7.13-2+deb9u2
2018-07-17 03:13:33 status unpacked python2.7:amd64 2.7.13-2+deb9u2
2018-07-17 03:13:33 install libpython-stdlib:amd64 <none> 2.7.13-2
2018-07-17 03:13:33 status half-installed libpython-stdlib:amd64 2.7.13-2
2018-07-17 03:13:33 status unpacked libpython-stdlib:amd64 2.7.13-2
2018-07-17 03:13:33 status unpacked libpython-stdlib:amd64 2.7.13-2
2018-07-17 03:13:33 startup packages configure
2018-07-17 03:13:33 configure libpython2.7-minimal:amd64 2.7.13-2+deb9u2 <none>
2018-07-17 03:13:33 status unpacked libpython2.7-minimal:amd64 2.7.13-2+deb9u2
2018-07-17 03:13:33 status unpacked libpython2.7-minimal:amd64 2.7.13-2+deb9u2
2018-07-17 03:13:33 status half-configured libpython2.7-minimal:amd64 2.7.13-2+deb9u2
2018-07-17 03:13:33 status installed libpython2.7-minimal:amd64 2.7.13-2+deb9u2
2018-07-17 03:13:33 configure python2.7-minimal:amd64 2.7.13-2+deb9u2 <none>
2018-07-17 03:13:33 status unpacked python2.7-minimal:amd64 2.7.13-2+deb9u2
2018-07-17 03:13:33 status half-configured python2.7-minimal:amd64 2.7.13-2+deb9u2
2018-07-17 03:13:34 status installed python2.7-minimal:amd64 2.7.13-2+deb9u2
2018-07-17 03:13:34 configure python-minimal:amd64 2.7.13-2 <none>
2018-07-17 03:13:34 status unpacked python-minimal:amd64 2.7.13-2
2018-07-17 03:13:34 status half-configured python-minimal:amd64 2.7.13-2
2018-07-17 03:13:34 status installed python-minimal:amd64 2.7.13-2
2018-07-17 03:13:34 startup archives unpack
2018-07-17 03:13:34 install python:amd64 <none> 2.7.13-2
2018-07-17 03:13:34 status half-installed python:amd64 2.7.13-2
2018-07-17 03:13:34 status unpacked python:amd64 2.7.13-2
2018-07-17 03:13:34 status unpacked python:amd64 2.7.13-2
2018-07-17 03:13:34 install libcurl3-gnutls:amd64 <none> 7.52.1-5+deb9u6
2018-07-17 03:13:34 status half-installed libcurl3-gnutls:amd64 7.52.1-5+deb9u6
2018-07-17 03:13:34 status unpacked libcurl3-gnutls:amd64 7.52.1-5+deb9u6
2018-07-17 03:13:34 status unpacked libcurl3-gnutls:amd64 7.52.1-5+deb9u6
2018-07-17 03:13:34 install liberror-perl:all <none> 0.17024-1
2018-07-17 03:13:34 status half-installed liberror-perl:all 0.17024-1
2018-07-17 03:13:34 status unpacked liberror-perl:all 0.17024-1
2018-07-17 03:13:34 status unpacked liberror-perl:all 0.17024-1
2018-07-17 03:13:34 install git-man:all <none> 1:2.11.0-3+deb9u3
2018-07-17 03:13:34 status half-installed git-man:all 1:2.11.0-3+deb9u3
2018-07-17 03:13:34 status unpacked git-man:all 1:2.11.0-3+deb9u3
2018-07-17 03:13:34 status unpacked git-man:all 1:2.11.0-3+deb9u3
2018-07-17 03:13:34 install git:amd64 <none> 1:2.11.0-3+deb9u3
2018-07-17 03:13:34 status half-installed git:amd64 1:2.11.0-3+deb9u3
2018-07-17 03:13:35 status unpacked git:amd64 1:2.11.0-3+deb9u3
2018-07-17 03:13:35 status unpacked git:amd64 1:2.11.0-3+deb9u3
2018-07-17 03:13:35 install libprocps6:amd64 <none> 2:3.3.12-3+deb9u1
2018-07-17 03:13:35 status half-installed libprocps6:amd64 2:3.3.12-3+deb9u1
2018-07-17 03:13:35 status unpacked libprocps6:amd64 2:3.3.12-3+deb9u1
2018-07-17 03:13:35 status unpacked libprocps6:amd64 2:3.3.12-3+deb9u1
2018-07-17 03:13:35 install libncurses5:amd64 <none> 6.0+20161126-1+deb9u2
2018-07-17 03:13:35 status half-installed libncurses5:amd64 6.0+20161126-1+deb9u2
2018-07-17 03:13:35 status unpacked libncurses5:amd64 6.0+20161126-1+deb9u2
2018-07-17 03:13:35 status unpacked libncurses5:amd64 6.0+20161126-1+deb9u2
2018-07-17 03:13:35 install procps:amd64 <none> 2:3.3.12-3+deb9u1
2018-07-17 03:13:35 status half-installed procps:amd64 2:3.3.12-3+deb9u1
2018-07-17 03:13:35 status unpacked procps:amd64 2:3.3.12-3+deb9u1
2018-07-17 03:13:35 status unpacked procps:amd64 2:3.3.12-3+deb9u1
2018-07-17 03:13:35 install libbsd0:amd64 <none> 0.8.3-1
2018-07-17 03:13:35 status half-installed libbsd0:amd64 0.8.3-1
2018-07-17 03:13:35 status unpacked libbsd0:amd64 0.8.3-1
2018-07-17 03:13:35 status unpacked libbsd0:amd64 0.8.3-1
2018-07-17 03:13:35 install libedit2:amd64 <none> 3.1-20160903-3
2018-07-17 03:13:35 status half-installed libedit2:amd64 3.1-20160903-3
2018-07-17 03:13:35 status unpacked libedit2:amd64 3.1-20160903-3
2018-07-17 03:13:35 status unpacked libedit2:amd64 3.1-20160903-3
2018-07-17 03:13:35 install openssh-client:amd64 <none> 1:7.4p1-10+deb9u3
2018-07-17 03:13:35 status half-installed openssh-client:amd64 1:7.4p1-10+deb9u3
2018-07-17 03:13:35 status unpacked openssh-client:amd64 1:7.4p1-10+deb9u3
2018-07-17 03:13:35 status unpacked openssh-client:amd64 1:7.4p1-10+deb9u3
2018-07-17 03:13:35 install ucf:all <none> 3.0036
2018-07-17 03:13:35 status half-installed ucf:all 3.0036
2018-07-17 03:13:35 status unpacked ucf:all 3.0036
2018-07-17 03:13:35 status unpacked ucf:all 3.0036
2018-07-17 03:13:35 install python-six:all <none> 1.10.0-3
2018-07-17 03:13:35 status half-installed python-six:all 1.10.0-3
2018-07-17 03:13:35 status unpacked python-six:all 1.10.0-3
2018-07-17 03:13:35 status unpacked python-six:all 1.10.0-3
2018-07-17 03:13:35 install python-configobj:all <none> 5.0.6-2
2018-07-17 03:13:35 status half-installed python-configobj:all 5.0.6-2
2018-07-17 03:13:35 status unpacked python-configobj:all 5.0.6-2
2018-07-17 03:13:35 status unpacked python-configobj:all 5.0.6-2
2018-07-17 03:13:36 install python-bzrlib:amd64 <none> 2.7.0+bzr6619-7+deb9u1
2018-07-17 03:13:36 status half-installed python-bzrlib:amd64 2.7.0+bzr6619-7+deb9u1
2018-07-17 03:13:36 status unpacked python-bzrlib:amd64 2.7.0+bzr6619-7+deb9u1
2018-07-17 03:13:36 status unpacked python-bzrlib:amd64 2.7.0+bzr6619-7+deb9u1
2018-07-17 03:13:36 install bzr:all <none> 2.7.0+bzr6619-7+deb9u1
2018-07-17 03:13:36 status half-installed bzr:all 2.7.0+bzr6619-7+deb9u1
2018-07-17 03:13:36 status unpacked bzr:all 2.7.0+bzr6619-7+deb9u1
2018-07-17 03:13:36 status unpacked bzr:all 2.7.0+bzr6619-7+deb9u1
2018-07-17 03:13:36 install libapr1:amd64 <none> 1.5.2-5
2018-07-17 03:13:36 status half-installed libapr1:amd64 1.5.2-5
2018-07-17 03:13:36 status unpacked libapr1:amd64 1.5.2-5
2018-07-17 03:13:36 status unpacked libapr1:amd64 1.5.2-5
2018-07-17 03:13:36 install libaprutil1:amd64 <none> 1.5.4-3
2018-07-17 03:13:36 status half-installed libaprutil1:amd64 1.5.4-3
2018-07-17 03:13:36 status unpacked libaprutil1:amd64 1.5.4-3
2018-07-17 03:13:36 status unpacked libaprutil1:amd64 1.5.4-3
2018-07-17 03:13:36 install libjs-excanvas:all <none> 0.r3-4
2018-07-17 03:13:36 status half-installed libjs-excanvas:all 0.r3-4
2018-07-17 03:13:36 status unpacked libjs-excanvas:all 0.r3-4
2018-07-17 03:13:36 status unpacked libjs-excanvas:all 0.r3-4
2018-07-17 03:13:36 install libserf-1-1:amd64 <none> 1.3.9-3
2018-07-17 03:13:36 status half-installed libserf-1-1:amd64 1.3.9-3
2018-07-17 03:13:36 status unpacked libserf-1-1:amd64 1.3.9-3
2018-07-17 03:13:36 status unpacked libserf-1-1:amd64 1.3.9-3
2018-07-17 03:13:36 install libsvn1:amd64 <none> 1.9.5-1+deb9u2
2018-07-17 03:13:36 status half-installed libsvn1:amd64 1.9.5-1+deb9u2
2018-07-17 03:13:36 status unpacked libsvn1:amd64 1.9.5-1+deb9u2
2018-07-17 03:13:36 status unpacked libsvn1:amd64 1.9.5-1+deb9u2
2018-07-17 03:13:36 install mercurial-common:all <none> 4.0-1+deb9u1
2018-07-17 03:13:36 status half-installed mercurial-common:all 4.0-1+deb9u1
2018-07-17 03:13:37 status unpacked mercurial-common:all 4.0-1+deb9u1
2018-07-17 03:13:37 status unpacked mercurial-common:all 4.0-1+deb9u1
2018-07-17 03:13:37 install mercurial:amd64 <none> 4.0-1+deb9u1
2018-07-17 03:13:37 status half-installed mercurial:amd64 4.0-1+deb9u1
2018-07-17 03:13:37 status unpacked mercurial:amd64 4.0-1+deb9u1
2018-07-17 03:13:37 status unpacked mercurial:amd64 4.0-1+deb9u1
2018-07-17 03:13:37 install subversion:amd64 <none> 1.9.5-1+deb9u2
2018-07-17 03:13:37 status half-installed subversion:amd64 1.9.5-1+deb9u2
2018-07-17 03:13:37 status unpacked subversion:amd64 1.9.5-1+deb9u2
2018-07-17 03:13:37 status unpacked subversion:amd64 1.9.5-1+deb9u2
2018-07-17 03:13:37 startup packages configure
2018-07-17 03:13:37 configure libncurses5:amd64 6.0+20161126-1+deb9u2 <none>
2018-07-17 03:13:37 status unpacked libncurses5:amd64 6.0+20161126-1+deb9u2
2018-07-17 03:13:37 status half-configured libncurses5:amd64 6.0+20161126-1+deb9u2
2018-07-17 03:13:37 status installed libncurses5:amd64 6.0+20161126-1+deb9u2
2018-07-17 03:13:37 configure libapr1:amd64 1.5.2-5 <none>
2018-07-17 03:13:37 status unpacked libapr1:amd64 1.5.2-5
2018-07-17 03:13:37 status half-configured libapr1:amd64 1.5.2-5
2018-07-17 03:13:37 status installed libapr1:amd64 1.5.2-5
2018-07-17 03:13:37 configure perl-modules-5.24:all 5.24.1-3+deb9u4 <none>
2018-07-17 03:13:37 status unpacked perl-modules-5.24:all 5.24.1-3+deb9u4
2018-07-17 03:13:37 status half-configured perl-modules-5.24:all 5.24.1-3+deb9u4
2018-07-17 03:13:37 status installed perl-modules-5.24:all 5.24.1-3+deb9u4
2018-07-17 03:13:37 configure libgdbm3:amd64 1.8.3-14 <none>
2018-07-17 03:13:37 status unpacked libgdbm3:amd64 1.8.3-14
2018-07-17 03:13:37 status half-configured libgdbm3:amd64 1.8.3-14
2018-07-17 03:13:37 status installed libgdbm3:amd64 1.8.3-14
2018-07-17 03:13:37 configure libperl5.24:amd64 5.24.1-3+deb9u4 <none>
2018-07-17 03:13:37 status unpacked libperl5.24:amd64 5.24.1-3+deb9u4
2018-07-17 03:13:37 status half-configured libperl5.24:amd64 5.24.1-3+deb9u4
2018-07-17 03:13:37 status installed libperl5.24:amd64 5.24.1-3+deb9u4
2018-07-17 03:13:37 configure git-man:all 1:2.11.0-3+deb9u3 <none>
2018-07-17 03:13:37 status unpacked git-man:all 1:2.11.0-3+deb9u3
2018-07-17 03:13:37 status half-configured git-man:all 1:2.11.0-3+deb9u3
2018-07-17 03:13:37 status installed git-man:all 1:2.11.0-3+deb9u3
2018-07-17 03:13:37 configure libexpat1:amd64 2.2.0-2+deb9u1 <none>
2018-07-17 03:13:37 status unpacked libexpat1:amd64 2.2.0-2+deb9u1
2018-07-17 03:13:37 status half-configured libexpat1:amd64 2.2.0-2+deb9u1
2018-07-17 03:13:37 status installed libexpat1:amd64 2.2.0-2+deb9u1
2018-07-17 03:13:37 configure mime-support:all 3.60 <none>
2018-07-17 03:13:37 status unpacked mime-support:all 3.60
2018-07-17 03:13:37 status unpacked mime-support:all 3.60
2018-07-17 03:13:37 status unpacked mime-support:all 3.60
2018-07-17 03:13:37 status half-configured mime-support:all 3.60
2018-07-17 03:13:37 status installed mime-support:all 3.60
2018-07-17 03:13:37 configure libcurl3-gnutls:amd64 7.52.1-5+deb9u6 <none>
2018-07-17 03:13:37 status unpacked libcurl3-gnutls:amd64 7.52.1-5+deb9u6
2018-07-17 03:13:37 status half-configured libcurl3-gnutls:amd64 7.52.1-5+deb9u6
2018-07-17 03:13:37 status installed libcurl3-gnutls:amd64 7.52.1-5+deb9u6
2018-07-17 03:13:37 configure libjs-excanvas:all 0.r3-4 <none>
2018-07-17 03:13:37 status unpacked libjs-excanvas:all 0.r3-4
2018-07-17 03:13:37 status half-configured libjs-excanvas:all 0.r3-4
2018-07-17 03:13:37 status installed libjs-excanvas:all 0.r3-4
2018-07-17 03:13:37 configure libbsd0:amd64 0.8.3-1 <none>
2018-07-17 03:13:37 status unpacked libbsd0:amd64 0.8.3-1
2018-07-17 03:13:37 status half-configured libbsd0:amd64 0.8.3-1
2018-07-17 03:13:37 status installed libbsd0:amd64 0.8.3-1
2018-07-17 03:13:37 configure libprocps6:amd64 2:3.3.12-3+deb9u1 <none>
2018-07-17 03:13:37 status unpacked libprocps6:amd64 2:3.3.12-3+deb9u1
2018-07-17 03:13:37 status half-configured libprocps6:amd64 2:3.3.12-3+deb9u1
2018-07-17 03:13:37 status installed libprocps6:amd64 2:3.3.12-3+deb9u1
2018-07-17 03:13:37 configure ucf:all 3.0036 <none>
2018-07-17 03:13:37 status unpacked ucf:all 3.0036
2018-07-17 03:13:37 status unpacked ucf:all 3.0036
2018-07-17 03:13:37 status half-configured ucf:all 3.0036
2018-07-17 03:13:37 status installed ucf:all 3.0036
2018-07-17 03:13:37 configure procps:amd64 2:3.3.12-3+deb9u1 <none>
2018-07-17 03:13:37 status unpacked procps:amd64 2:3.3.12-3+deb9u1
2018-07-17 03:13:37 status unpacked procps:amd64 2:3.3.12-3+deb9u1
2018-07-17 03:13:37 status unpacked procps:amd64 2:3.3.12-3+deb9u1
2018-07-17 03:13:37 status unpacked procps:amd64 2:3.3.12-3+deb9u1
2018-07-17 03:13:37 status half-configured procps:amd64 2:3.3.12-3+deb9u1
2018-07-17 03:13:37 status installed procps:amd64 2:3.3.12-3+deb9u1
2018-07-17 03:13:37 configure perl:amd64 5.24.1-3+deb9u4 <none>
2018-07-17 03:13:37 status unpacked perl:amd64 5.24.1-3+deb9u4
2018-07-17 03:13:37 status unpacked perl:amd64 5.24.1-3+deb9u4
2018-07-17 03:13:37 status unpacked perl:amd64 5.24.1-3+deb9u4
2018-07-17 03:13:37 status half-configured perl:amd64 5.24.1-3+deb9u4
2018-07-17 03:13:37 status installed perl:amd64 5.24.1-3+deb9u4
2018-07-17 03:13:37 trigproc libc-bin:amd64 2.24-11+deb9u3 <none>
2018-07-17 03:13:37 status half-configured libc-bin:amd64 2.24-11+deb9u3
2018-07-17 03:13:37 status installed libc-bin:amd64 2.24-11+deb9u3
2018-07-17 03:13:37 configure libaprutil1:amd64 1.5.4-3 <none>
2018-07-17 03:13:37 status triggers-pending libc-bin:amd64 2.24-11+deb9u3
2018-07-17 03:13:37 status unpacked libaprutil1:amd64 1.5.4-3
2018-07-17 03:13:37 status half-configured libaprutil1:amd64 1.5.4-3
2018-07-17 03:13:37 status installed libaprutil1:amd64 1.5.4-3
2018-07-17 03:13:37 configure libpython2.7-stdlib:amd64 2.7.13-2+deb9u2 <none>
2018-07-17 03:13:37 status unpacked libpython2.7-stdlib:amd64 2.7.13-2+deb9u2
2018-07-17 03:13:37 status half-configured libpython2.7-stdlib:amd64 2.7.13-2+deb9u2
2018-07-17 03:13:37 status installed libpython2.7-stdlib:amd64 2.7.13-2+deb9u2
2018-07-17 03:13:37 configure libedit2:amd64 3.1-20160903-3 <none>
2018-07-17 03:13:37 status unpacked libedit2:amd64 3.1-20160903-3
2018-07-17 03:13:37 status half-configured libedit2:amd64 3.1-20160903-3
2018-07-17 03:13:37 status installed libedit2:amd64 3.1-20160903-3
2018-07-17 03:13:37 configure liberror-perl:all 0.17024-1 <none>
2018-07-17 03:13:37 status unpacked liberror-perl:all 0.17024-1
2018-07-17 03:13:37 status half-configured liberror-perl:all 0.17024-1
2018-07-17 03:13:37 status installed liberror-perl:all 0.17024-1
2018-07-17 03:13:38 configure python2.7:amd64 2.7.13-2+deb9u2 <none>
2018-07-17 03:13:38 status unpacked python2.7:amd64 2.7.13-2+deb9u2
2018-07-17 03:13:38 status half-configured python2.7:amd64 2.7.13-2+deb9u2
2018-07-17 03:13:39 status installed python2.7:amd64 2.7.13-2+deb9u2
2018-07-17 03:13:39 configure libpython-stdlib:amd64 2.7.13-2 <none>
2018-07-17 03:13:39 status unpacked libpython-stdlib:amd64 2.7.13-2
2018-07-17 03:13:39 status half-configured libpython-stdlib:amd64 2.7.13-2
2018-07-17 03:13:39 status installed libpython-stdlib:amd64 2.7.13-2
2018-07-17 03:13:39 configure libserf-1-1:amd64 1.3.9-3 <none>
2018-07-17 03:13:39 status unpacked libserf-1-1:amd64 1.3.9-3
2018-07-17 03:13:39 status half-configured libserf-1-1:amd64 1.3.9-3
2018-07-17 03:13:39 status installed libserf-1-1:amd64 1.3.9-3
2018-07-17 03:13:39 configure libsvn1:amd64 1.9.5-1+deb9u2 <none>
2018-07-17 03:13:39 status unpacked libsvn1:amd64 1.9.5-1+deb9u2
2018-07-17 03:13:39 status half-configured libsvn1:amd64 1.9.5-1+deb9u2
2018-07-17 03:13:39 status installed libsvn1:amd64 1.9.5-1+deb9u2
2018-07-17 03:13:39 configure openssh-client:amd64 1:7.4p1-10+deb9u3 <none>
2018-07-17 03:13:39 status unpacked openssh-client:amd64 1:7.4p1-10+deb9u3
2018-07-17 03:13:39 status unpacked openssh-client:amd64 1:7.4p1-10+deb9u3
2018-07-17 03:13:39 status unpacked openssh-client:amd64 1:7.4p1-10+deb9u3
2018-07-17 03:13:39 status half-configured openssh-client:amd64 1:7.4p1-10+deb9u3
2018-07-17 03:13:39 status installed openssh-client:amd64 1:7.4p1-10+deb9u3
2018-07-17 03:13:39 configure git:amd64 1:2.11.0-3+deb9u3 <none>
2018-07-17 03:13:39 status unpacked git:amd64 1:2.11.0-3+deb9u3
2018-07-17 03:13:39 status unpacked git:amd64 1:2.11.0-3+deb9u3
2018-07-17 03:13:39 status half-configured git:amd64 1:2.11.0-3+deb9u3
2018-07-17 03:13:39 status installed git:amd64 1:2.11.0-3+deb9u3
2018-07-17 03:13:39 configure python:amd64 2.7.13-2 <none>
2018-07-17 03:13:39 status unpacked python:amd64 2.7.13-2
2018-07-17 03:13:39 status half-configured python:amd64 2.7.13-2
2018-07-17 03:13:39 status installed python:amd64 2.7.13-2
2018-07-17 03:13:39 configure mercurial-common:all 4.0-1+deb9u1 <none>
2018-07-17 03:13:39 status unpacked mercurial-common:all 4.0-1+deb9u1
2018-07-17 03:13:39 status unpacked mercurial-common:all 4.0-1+deb9u1
2018-07-17 03:13:39 status unpacked mercurial-common:all 4.0-1+deb9u1
2018-07-17 03:13:39 status unpacked mercurial-common:all 4.0-1+deb9u1
2018-07-17 03:13:39 status half-configured mercurial-common:all 4.0-1+deb9u1
2018-07-17 03:13:41 status installed mercurial-common:all 4.0-1+deb9u1
2018-07-17 03:13:41 configure mercurial:amd64 4.0-1+deb9u1 <none>
2018-07-17 03:13:41 status unpacked mercurial:amd64 4.0-1+deb9u1
2018-07-17 03:13:41 status half-configured mercurial:amd64 4.0-1+deb9u1
2018-07-17 03:13:41 status installed mercurial:amd64 4.0-1+deb9u1
2018-07-17 03:13:41 configure python-six:all 1.10.0-3 <none>
2018-07-17 03:13:41 status unpacked python-six:all 1.10.0-3
2018-07-17 03:13:41 status half-configured python-six:all 1.10.0-3
2018-07-17 03:13:42 status installed python-six:all 1.10.0-3
2018-07-17 03:13:42 configure subversion:amd64 1.9.5-1+deb9u2 <none>
2018-07-17 03:13:42 status unpacked subversion:amd64 1.9.5-1+deb9u2
2018-07-17 03:13:42 status unpacked subversion:amd64 1.9.5-1+deb9u2
2018-07-17 03:13:42 status unpacked subversion:amd64 1.9.5-1+deb9u2
2018-07-17 03:13:42 status half-configured subversion:amd64 1.9.5-1+deb9u2
2018-07-17 03:13:42 status installed subversion:amd64 1.9.5-1+deb9u2
2018-07-17 03:13:42 configure python-configobj:all 5.0.6-2 <none>
2018-07-17 03:13:42 status unpacked python-configobj:all 5.0.6-2
2018-07-17 03:13:42 status half-configured python-configobj:all 5.0.6-2
2018-07-17 03:13:42 status installed python-configobj:all 5.0.6-2
2018-07-17 03:13:42 configure python-bzrlib:amd64 2.7.0+bzr6619-7+deb9u1 <none>
2018-07-17 03:13:42 status unpacked python-bzrlib:amd64 2.7.0+bzr6619-7+deb9u1
2018-07-17 03:13:42 status half-configured python-bzrlib:amd64 2.7.0+bzr6619-7+deb9u1
2018-07-17 03:13:44 status installed python-bzrlib:amd64 2.7.0+bzr6619-7+deb9u1
2018-07-17 03:13:44 configure bzr:all 2.7.0+bzr6619-7+deb9u1 <none>
2018-07-17 03:13:44 status unpacked bzr:all 2.7.0+bzr6619-7+deb9u1
2018-07-17 03:13:44 status half-configured bzr:all 2.7.0+bzr6619-7+deb9u1
2018-07-17 03:13:44 status installed bzr:all 2.7.0+bzr6619-7+deb9u1
2018-07-17 03:13:44 trigproc libc-bin:amd64 2.24-11+deb9u3 <none>
2018-07-17 03:13:44 status half-configured libc-bin:amd64 2.24-11+deb9u3
2018-07-17 03:13:44 status installed libc-bin:amd64 2.24-11+deb9u3
2018-07-17 12:29:52 startup archives unpack
2018-07-17 12:29:52 install binutils:amd64 <none> 2.28-5
2018-07-17 12:29:52 status triggers-pending libc-bin:amd64 2.24-11+deb9u3
2018-07-17 12:29:52 status half-installed binutils:amd64 2.28-5
2018-07-17 12:29:53 status unpacked binutils:amd64 2.28-5
2018-07-17 12:29:53 status unpacked binutils:amd64 2.28-5
2018-07-17 12:29:53 install libisl15:amd64 <none> 0.18-1
2018-07-17 12:29:53 status half-installed libisl15:amd64 0.18-1
2018-07-17 12:29:53 status unpacked libisl15:amd64 0.18-1
2018-07-17 12:29:53 status unpacked libisl15:amd64 0.18-1
2018-07-17 12:29:53 install libmpfr4:amd64 <none> 3.1.5-1
2018-07-17 12:29:53 status half-installed libmpfr4:amd64 3.1.5-1
2018-07-17 12:29:53 status unpacked libmpfr4:amd64 3.1.5-1
2018-07-17 12:29:53 status unpacked libmpfr4:amd64 3.1.5-1
2018-07-17 12:29:53 install libmpc3:amd64 <none> 1.0.3-1+b2
2018-07-17 12:29:53 status half-installed libmpc3:amd64 1.0.3-1+b2
2018-07-17 12:29:54 status unpacked libmpc3:amd64 1.0.3-1+b2
2018-07-17 12:29:54 status unpacked libmpc3:amd64 1.0.3-1+b2
2018-07-17 12:29:54 install cpp-6:amd64 <none> 6.3.0-18+deb9u1
2018-07-17 12:29:54 status half-installed cpp-6:amd64 6.3.0-18+deb9u1
2018-07-17 12:29:54 status unpacked cpp-6:amd64 6.3.0-18+deb9u1
2018-07-17 12:29:54 status unpacked cpp-6:amd64 6.3.0-18+deb9u1
2018-07-17 12:29:54 install cpp:amd64 <none> 4:6.3.0-4
2018-07-17 12:29:54 status half-installed cpp:amd64 4:6.3.0-4
2018-07-17 12:29:54 status unpacked cpp:amd64 4:6.3.0-4
2018-07-17 12:29:54 status unpacked cpp:amd64 4:6.3.0-4
2018-07-17 12:29:54 install libcc1-0:amd64 <none> 6.3.0-18+deb9u1
2018-07-17 12:29:54 status half-installed libcc1-0:amd64 6.3.0-18+deb9u1
2018-07-17 12:29:54 status unpacked libcc1-0:amd64 6.3.0-18+deb9u1
2018-07-17 12:29:55 status unpacked libcc1-0:amd64 6.3.0-18+deb9u1
2018-07-17 12:29:55 install libgomp1:amd64 <none> 6.3.0-18+deb9u1
2018-07-17 12:29:55 status half-installed libgomp1:amd64 6.3.0-18+deb9u1
2018-07-17 12:29:55 status unpacked libgomp1:amd64 6.3.0-18+deb9u1
2018-07-17 12:29:55 status unpacked libgomp1:amd64 6.3.0-18+deb9u1
2018-07-17 12:29:55 install libitm1:amd64 <none> 6.3.0-18+deb9u1
2018-07-17 12:29:55 status half-installed libitm1:amd64 6.3.0-18+deb9u1
2018-07-17 12:29:55 status unpacked libitm1:amd64 6.3.0-18+deb9u1
2018-07-17 12:29:55 status unpacked libitm1:amd64 6.3.0-18+deb9u1
2018-07-17 12:29:55 install libatomic1:amd64 <none> 6.3.0-18+deb9u1
2018-07-17 12:29:55 status half-installed libatomic1:amd64 6.3.0-18+deb9u1
2018-07-17 12:29:55 status unpacked libatomic1:amd64 6.3.0-18+deb9u1
2018-07-17 12:29:55 status unpacked libatomic1:amd64 6.3.0-18+deb9u1
2018-07-17 12:29:55 install libasan3:amd64 <none> 6.3.0-18+deb9u1
2018-07-17 12:29:55 status half-installed libasan3:amd64 6.3.0-18+deb9u1
2018-07-17 12:29:55 status unpacked libasan3:amd64 6.3.0-18+deb9u1
2018-07-17 12:29:55 status unpacked libasan3:amd64 6.3.0-18+deb9u1
2018-07-17 12:29:55 install liblsan0:amd64 <none> 6.3.0-18+deb9u1
2018-07-17 12:29:55 status half-installed liblsan0:amd64 6.3.0-18+deb9u1
2018-07-17 12:29:55 status unpacked liblsan0:amd64 6.3.0-18+deb9u1
2018-07-17 12:29:55 status unpacked liblsan0:amd64 6.3.0-18+deb9u1
2018-07-17 12:29:55 install libtsan0:amd64 <none> 6.3.0-18+deb9u1
2018-07-17 12:29:55 status half-installed libtsan0:amd64 6.3.0-18+deb9u1
2018-07-17 12:29:55 status unpacked libtsan0:amd64 6.3.0-18+deb9u1
2018-07-17 12:29:55 status unpacked libtsan0:amd64 6.3.0-18+deb9u1
2018-07-17 12:29:55 install libubsan0:amd64 <none> 6.3.0-18+deb9u1
2018-07-17 12:29:55 status half-installed libubsan0:amd64 6.3.0-18+deb9u1
2018-07-17 12:29:55 status unpacked libubsan0:amd64 6.3.0-18+deb9u1
2018-07-17 12:29:55 status unpacked libubsan0:amd64 6.3.0-18+deb9u1
2018-07-17 12:29:55 install libcilkrts5:amd64 <none> 6.3.0-18+deb9u1
2018-07-17 12:29:55 status half-installed libcilkrts5:amd64 6.3.0-18+deb9u1
2018-07-17 12:29:55 status unpacked libcilkrts5:amd64 6.3.0-18+deb9u1
2018-07-17 12:29:55 status unpacked libcilkrts5:amd64 6.3.0-18+deb9u1
2018-07-17 12:29:55 install libmpx2:amd64 <none> 6.3.0-18+deb9u1
2018-07-17 12:29:55 status half-installed libmpx2:amd64 6.3.0-18+deb9u1
2018-07-17 12:29:55 status unpacked libmpx2:amd64 6.3.0-18+deb9u1
2018-07-17 12:29:55 status unpacked libmpx2:amd64 6.3.0-18+deb9u1
2018-07-17 12:29:56 install libquadmath0:amd64 <none> 6.3.0-18+deb9u1
2018-07-17 12:29:56 status half-installed libquadmath0:amd64 6.3.0-18+deb9u1
2018-07-17 12:29:56 status unpacked libquadmath0:amd64 6.3.0-18+deb9u1
2018-07-17 12:29:56 status unpacked libquadmath0:amd64 6.3.0-18+deb9u1
2018-07-17 12:29:56 install libgcc-6-dev:amd64 <none> 6.3.0-18+deb9u1
2018-07-17 12:29:56 status half-installed libgcc-6-dev:amd64 6.3.0-18+deb9u1
2018-07-17 12:29:56 status unpacked libgcc-6-dev:amd64 6.3.0-18+deb9u1
2018-07-17 12:29:56 status unpacked libgcc-6-dev:amd64 6.3.0-18+deb9u1
2018-07-17 12:29:56 install gcc-6:amd64 <none> 6.3.0-18+deb9u1
2018-07-17 12:29:56 status half-installed gcc-6:amd64 6.3.0-18+deb9u1
2018-07-17 12:29:57 status unpacked gcc-6:amd64 6.3.0-18+deb9u1
2018-07-17 12:29:57 status unpacked gcc-6:amd64 6.3.0-18+deb9u1
2018-07-17 12:29:57 install gcc:amd64 <none> 4:6.3.0-4
2018-07-17 12:29:57 status half-installed gcc:amd64 4:6.3.0-4
2018-07-17 12:29:57 status unpacked gcc:amd64 4:6.3.0-4
2018-07-17 12:29:57 status unpacked gcc:amd64 4:6.3.0-4
2018-07-17 12:29:57 install libc-dev-bin:amd64 <none> 2.24-11+deb9u3
2018-07-17 12:29:57 status half-installed libc-dev-bin:amd64 2.24-11+deb9u3
2018-07-17 12:29:57 status unpacked libc-dev-bin:amd64 2.24-11+deb9u3
2018-07-17 12:29:57 status unpacked libc-dev-bin:amd64 2.24-11+deb9u3
2018-07-17 12:29:57 install linux-libc-dev:amd64 <none> 4.9.110-1
2018-07-17 12:29:57 status half-installed linux-libc-dev:amd64 4.9.110-1
2018-07-17 12:29:58 status unpacked linux-libc-dev:amd64 4.9.110-1
2018-07-17 12:29:58 status unpacked linux-libc-dev:amd64 4.9.110-1
2018-07-17 12:29:58 install libc6-dev:amd64 <none> 2.24-11+deb9u3
2018-07-17 12:29:58 status half-installed libc6-dev:amd64 2.24-11+deb9u3
2018-07-17 12:29:58 status unpacked libc6-dev:amd64 2.24-11+deb9u3
2018-07-17 12:29:58 status unpacked libc6-dev:amd64 2.24-11+deb9u3
2018-07-17 12:29:58 install libstdc++-6-dev:amd64 <none> 6.3.0-18+deb9u1
2018-07-17 12:29:58 status half-installed libstdc++-6-dev:amd64 6.3.0-18+deb9u1
2018-07-17 12:29:58 status unpacked libstdc++-6-dev:amd64 6.3.0-18+deb9u1
2018-07-17 12:29:58 status unpacked libstdc++-6-dev:amd64 6.3.0-18+deb9u1
2018-07-17 12:29:58 install g++-6:amd64 <none> 6.3.0-18+deb9u1
2018-07-17 12:29:58 status half-installed g++-6:amd64 6.3.0-18+deb9u1
2018-07-17 12:30:00 status unpacked g++-6:amd64 6.3.0-18+deb9u1
2018-07-17 12:30:00 status unpacked g++-6:amd64 6.3.0-18+deb9u1
2018-07-17 12:30:00 install g++:amd64 <none> 4:6.3.0-4
2018-07-17 12:30:00 status half-installed g++:amd64 4:6.3.0-4
2018-07-17 12:30:00 status unpacked g++:amd64 4:6.3.0-4
2018-07-17 12:30:00 status unpacked g++:amd64 4:6.3.0-4
2018-07-17 12:30:00 install libdpkg-perl:all <none> 1.18.25
2018-07-17 12:30:00 status half-installed libdpkg-perl:all 1.18.25
2018-07-17 12:30:00 status unpacked libdpkg-perl:all 1.18.25
2018-07-17 12:30:00 status unpacked libdpkg-perl:all 1.18.25
2018-07-17 12:30:00 install libglib2.0-0:amd64 <none> 2.50.3-2
2018-07-17 12:30:00 status half-installed libglib2.0-0:amd64 2.50.3-2
2018-07-17 12:30:00 status unpacked libglib2.0-0:amd64 2.50.3-2
2018-07-17 12:30:00 status unpacked libglib2.0-0:amd64 2.50.3-2
2018-07-17 12:30:00 install make:amd64 <none> 4.1-9.1
2018-07-17 12:30:00 status half-installed make:amd64 4.1-9.1
2018-07-17 12:30:00 status unpacked make:amd64 4.1-9.1
2018-07-17 12:30:00 status unpacked make:amd64 4.1-9.1
2018-07-17 12:30:00 install pkg-config:amd64 <none> 0.29-4+b1
2018-07-17 12:30:00 status half-installed pkg-config:amd64 0.29-4+b1
2018-07-17 12:30:00 status unpacked pkg-config:amd64 0.29-4+b1
2018-07-17 12:30:00 status unpacked pkg-config:amd64 0.29-4+b1
2018-07-17 12:30:00 startup packages configure
2018-07-17 12:30:00 configure libquadmath0:amd64 6.3.0-18+deb9u1 <none>
2018-07-17 12:30:00 status unpacked libquadmath0:amd64 6.3.0-18+deb9u1
2018-07-17 12:30:00 status half-configured libquadmath0:amd64 6.3.0-18+deb9u1
2018-07-17 12:30:00 status installed libquadmath0:amd64 6.3.0-18+deb9u1
2018-07-17 12:30:00 configure libgomp1:amd64 6.3.0-18+deb9u1 <none>
2018-07-17 12:30:00 status unpacked libgomp1:amd64 6.3.0-18+deb9u1
2018-07-17 12:30:00 status half-configured libgomp1:amd64 6.3.0-18+deb9u1
2018-07-17 12:30:00 status installed libgomp1:amd64 6.3.0-18+deb9u1
2018-07-17 12:30:00 configure libatomic1:amd64 6.3.0-18+deb9u1 <none>
2018-07-17 12:30:00 status unpacked libatomic1:amd64 6.3.0-18+deb9u1
2018-07-17 12:30:00 status half-configured libatomic1:amd64 6.3.0-18+deb9u1
2018-07-17 12:30:00 status installed libatomic1:amd64 6.3.0-18+deb9u1
2018-07-17 12:30:00 configure libcc1-0:amd64 6.3.0-18+deb9u1 <none>
2018-07-17 12:30:00 status unpacked libcc1-0:amd64 6.3.0-18+deb9u1
2018-07-17 12:30:00 status half-configured libcc1-0:amd64 6.3.0-18+deb9u1
2018-07-17 12:30:00 status installed libcc1-0:amd64 6.3.0-18+deb9u1
2018-07-17 12:30:00 configure make:amd64 4.1-9.1 <none>
2018-07-17 12:30:00 status unpacked make:amd64 4.1-9.1
2018-07-17 12:30:00 status half-configured make:amd64 4.1-9.1
2018-07-17 12:30:00 status installed make:amd64 4.1-9.1
2018-07-17 12:30:00 configure libasan3:amd64 6.3.0-18+deb9u1 <none>
2018-07-17 12:30:00 status unpacked libasan3:amd64 6.3.0-18+deb9u1
2018-07-17 12:30:00 status half-configured libasan3:amd64 6.3.0-18+deb9u1
2018-07-17 12:30:00 status installed libasan3:amd64 6.3.0-18+deb9u1
2018-07-17 12:30:00 configure libcilkrts5:amd64 6.3.0-18+deb9u1 <none>
2018-07-17 12:30:00 status unpacked libcilkrts5:amd64 6.3.0-18+deb9u1
2018-07-17 12:30:00 status half-configured libcilkrts5:amd64 6.3.0-18+deb9u1
2018-07-17 12:30:00 status installed libcilkrts5:amd64 6.3.0-18+deb9u1
2018-07-17 12:30:00 configure libubsan0:amd64 6.3.0-18+deb9u1 <none>
2018-07-17 12:30:00 status unpacked libubsan0:amd64 6.3.0-18+deb9u1
2018-07-17 12:30:00 status half-configured libubsan0:amd64 6.3.0-18+deb9u1
2018-07-17 12:30:01 status installed libubsan0:amd64 6.3.0-18+deb9u1
2018-07-17 12:30:01 configure libtsan0:amd64 6.3.0-18+deb9u1 <none>
2018-07-17 12:30:01 status unpacked libtsan0:amd64 6.3.0-18+deb9u1
2018-07-17 12:30:01 status half-configured libtsan0:amd64 6.3.0-18+deb9u1
2018-07-17 12:30:01 status installed libtsan0:amd64 6.3.0-18+deb9u1
2018-07-17 12:30:01 configure libglib2.0-0:amd64 2.50.3-2 <none>
2018-07-17 12:30:01 status unpacked libglib2.0-0:amd64 2.50.3-2
2018-07-17 12:30:01 status half-configured libglib2.0-0:amd64 2.50.3-2
2018-07-17 12:30:01 status installed libglib2.0-0:amd64 2.50.3-2
2018-07-17 12:30:01 configure linux-libc-dev:amd64 4.9.110-1 <none>
2018-07-17 12:30:01 status unpacked linux-libc-dev:amd64 4.9.110-1
2018-07-17 12:30:01 status half-configured linux-libc-dev:amd64 4.9.110-1
2018-07-17 12:30:01 status installed linux-libc-dev:amd64 4.9.110-1
2018-07-17 12:30:01 configure libdpkg-perl:all 1.18.25 <none>
2018-07-17 12:30:01 status unpacked libdpkg-perl:all 1.18.25
2018-07-17 12:30:01 status half-configured libdpkg-perl:all 1.18.25
2018-07-17 12:30:01 status installed libdpkg-perl:all 1.18.25
2018-07-17 12:30:01 configure liblsan0:amd64 6.3.0-18+deb9u1 <none>
2018-07-17 12:30:01 status unpacked liblsan0:amd64 6.3.0-18+deb9u1
2018-07-17 12:30:01 status half-configured liblsan0:amd64 6.3.0-18+deb9u1
2018-07-17 12:30:01 status installed liblsan0:amd64 6.3.0-18+deb9u1
2018-07-17 12:30:01 configure pkg-config:amd64 0.29-4+b1 <none>
2018-07-17 12:30:01 status unpacked pkg-config:amd64 0.29-4+b1
2018-07-17 12:30:01 status unpacked pkg-config:amd64 0.29-4+b1
2018-07-17 12:30:01 status half-configured pkg-config:amd64 0.29-4+b1
2018-07-17 12:30:01 status installed pkg-config:amd64 0.29-4+b1
2018-07-17 12:30:01 configure libmpx2:amd64 6.3.0-18+deb9u1 <none>
2018-07-17 12:30:01 status unpacked libmpx2:amd64 6.3.0-18+deb9u1
2018-07-17 12:30:01 status half-configured libmpx2:amd64 6.3.0-18+deb9u1
2018-07-17 12:30:01 status installed libmpx2:amd64 6.3.0-18+deb9u1
2018-07-17 12:30:01 configure libisl15:amd64 0.18-1 <none>
2018-07-17 12:30:01 status unpacked libisl15:amd64 0.18-1
2018-07-17 12:30:01 status half-configured libisl15:amd64 0.18-1
2018-07-17 12:30:01 status installed libisl15:amd64 0.18-1
2018-07-17 12:30:01 trigproc libc-bin:amd64 2.24-11+deb9u3 <none>
2018-07-17 12:30:01 status half-configured libc-bin:amd64 2.24-11+deb9u3
2018-07-17 12:30:01 status installed libc-bin:amd64 2.24-11+deb9u3
2018-07-17 12:30:01 configure libmpfr4:amd64 3.1.5-1 <none>
2018-07-17 12:30:01 status triggers-pending libc-bin:amd64 2.24-11+deb9u3
2018-07-17 12:30:01 status unpacked libmpfr4:amd64 3.1.5-1
2018-07-17 12:30:01 status half-configured libmpfr4:amd64 3.1.5-1
2018-07-17 12:30:01 status installed libmpfr4:amd64 3.1.5-1
2018-07-17 12:30:01 configure libmpc3:amd64 1.0.3-1+b2 <none>
2018-07-17 12:30:01 status unpacked libmpc3:amd64 1.0.3-1+b2
2018-07-17 12:30:01 status half-configured libmpc3:amd64 1.0.3-1+b2
2018-07-17 12:30:01 status installed libmpc3:amd64 1.0.3-1+b2
2018-07-17 12:30:01 configure binutils:amd64 2.28-5 <none>
2018-07-17 12:30:01 status unpacked binutils:amd64 2.28-5
2018-07-17 12:30:01 status half-configured binutils:amd64 2.28-5
2018-07-17 12:30:01 status installed binutils:amd64 2.28-5
2018-07-17 12:30:01 configure cpp-6:amd64 6.3.0-18+deb9u1 <none>
2018-07-17 12:30:01 status unpacked cpp-6:amd64 6.3.0-18+deb9u1
2018-07-17 12:30:01 status half-configured cpp-6:amd64 6.3.0-18+deb9u1
2018-07-17 12:30:01 status installed cpp-6:amd64 6.3.0-18+deb9u1
2018-07-17 12:30:01 configure libc-dev-bin:amd64 2.24-11+deb9u3 <none>
2018-07-17 12:30:01 status unpacked libc-dev-bin:amd64 2.24-11+deb9u3
2018-07-17 12:30:01 status half-configured libc-dev-bin:amd64 2.24-11+deb9u3
2018-07-17 12:30:01 status installed libc-dev-bin:amd64 2.24-11+deb9u3
2018-07-17 12:30:01 configure libc6-dev:amd64 2.24-11+deb9u3 <none>
2018-07-17 12:30:01 status unpacked libc6-dev:amd64 2.24-11+deb9u3
2018-07-17 12:30:01 status half-configured libc6-dev:amd64 2.24-11+deb9u3
2018-07-17 12:30:01 status installed libc6-dev:amd64 2.24-11+deb9u3
2018-07-17 12:30:01 configure libitm1:amd64 6.3.0-18+deb9u1 <none>
2018-07-17 12:30:01 status unpacked libitm1:amd64 6.3.0-18+deb9u1
2018-07-17 12:30:01 status half-configured libitm1:amd64 6.3.0-18+deb9u1
2018-07-17 12:30:01 status installed libitm1:amd64 6.3.0-18+deb9u1
2018-07-17 12:30:01 configure cpp:amd64 4:6.3.0-4 <none>
2018-07-17 12:30:01 status unpacked cpp:amd64 4:6.3.0-4
2018-07-17 12:30:01 status half-configured cpp:amd64 4:6.3.0-4
2018-07-17 12:30:01 status installed cpp:amd64 4:6.3.0-4
2018-07-17 12:30:01 configure libgcc-6-dev:amd64 6.3.0-18+deb9u1 <none>
2018-07-17 12:30:01 status unpacked libgcc-6-dev:amd64 6.3.0-18+deb9u1
2018-07-17 12:30:01 status half-configured libgcc-6-dev:amd64 6.3.0-18+deb9u1
2018-07-17 12:30:01 status installed libgcc-6-dev:amd64 6.3.0-18+deb9u1
2018-07-17 12:30:01 configure libstdc++-6-dev:amd64 6.3.0-18+deb9u1 <none>
2018-07-17 12:30:01 status unpacked libstdc++-6-dev:amd64 6.3.0-18+deb9u1
2018-07-17 12:30:01 status half-configured libstdc++-6-dev:amd64 6.3.0-18+deb9u1
2018-07-17 12:30:01 status installed libstdc++-6-dev:amd64 6.3.0-18+deb9u1
2018-07-17 12:30:01 configure gcc-6:amd64 6.3.0-18+deb9u1 <none>
2018-07-17 12:30:01 status unpacked gcc-6:amd64 6.3.0-18+deb9u1
2018-07-17 12:30:01 status half-configured gcc-6:amd64 6.3.0-18+deb9u1
2018-07-17 12:30:01 status installed gcc-6:amd64 6.3.0-18+deb9u1
2018-07-17 12:30:01 configure g++-6:amd64 6.3.0-18+deb9u1 <none>
2018-07-17 12:30:01 status unpacked g++-6:amd64 6.3.0-18+deb9u1
2018-07-17 12:30:01 status half-configured g++-6:amd64 6.3.0-18+deb9u1
2018-07-17 12:30:01 status installed g++-6:amd64 6.3.0-18+deb9u1
2018-07-17 12:30:01 configure gcc:amd64 4:6.3.0-4 <none>
2018-07-17 12:30:01 status unpacked gcc:amd64 4:6.3.0-4
2018-07-17 12:30:01 status half-configured gcc:amd64 4:6.3.0-4
2018-07-17 12:30:01 status installed gcc:amd64 4:6.3.0-4
2018-07-17 12:30:01 configure g++:amd64 4:6.3.0-4 <none>
2018-07-17 12:30:01 status unpacked g++:amd64 4:6.3.0-4
2018-07-17 12:30:01 status half-configured g++:amd64 4:6.3.0-4
2018-07-17 12:30:01 status installed g++:amd64 4:6.3.0-4
2018-07-17 12:30:01 trigproc libc-bin:amd64 2.24-11+deb9u3 <none>
2018-07-17 12:30:01 status half-configured libc-bin:amd64 2.24-11+deb9u3
2018-07-17 12:30:01 status installed libc-bin:amd64 2.24-11+deb9u3
